<?xml version="1.0" encoding="UTF-8"?>
<!-- Generated by org.testng.reporters.JUnitXMLReporter -->
<testsuite ignored="0" hostname="LETHI-JUL21-CI" failures="0" tests="2" name="Surefire test" time="54.396" errors="0" timestamp="2022-10-27T09:32:54 BST">
  <testcase classname="io.cucumber.testng.AbstractTestNGCucumberTests" name="runScenario" time="28.218"/>
  <testcase classname="io.cucumber.testng.AbstractTestNGCucumberTests" name="runScenario" time="25.095"/>
</testsuite> <!-- Surefire test -->
