<?xml version="1.0" encoding="UTF-8"?>
<!-- Generated by org.testng.reporters.JUnitXMLReporter -->
<testsuite ignored="1" hostname="LETHI-JUL21-CI" failures="0" tests="2" name="Submit Order Test" time="22.372" errors="0" timestamp="2022-10-21T16:54:48 BST">
  <testcase classname="FirstAutomation.Tests.Selenium1Test" name="SubmitOrder" time="4.235"/>
  <testcase classname="FirstAutomation.Tests.Selenium1Test" name="SubmitOrder" time="4.104"/>
  <testcase classname="FirstAutomation.Tests.Selenium1Test" name="OrderHistoryTest" time="0.0">
    <ignored/>
  </testcase> <!-- OrderHistoryTest -->
</testsuite> <!-- Submit Order Test -->
