<?xml version="1.0" encoding="UTF-8"?>
<!-- Generated by org.testng.reporters.JUnitXMLReporter -->
<testsuite ignored="0" hostname="LETHI-JUL21-CI" failures="0" tests="4" name="Submit Order Test" time="40.359" errors="0" timestamp="2022-10-23T11:15:48 BST">
  <testcase classname="FirstAutomation.Tests.Selenium1Test" name="SubmitOrder" time="5.612"/>
  <testcase classname="FirstAutomation.Tests.Selenium1Test" name="SubmitOrder" time="5.698"/>
  <testcase classname="FirstAutomation.Tests.Selenium1Test" name="OrderHistoryTest" time="1.811"/>
  <testcase classname="FirstAutomation.Tests.Selenium1Test" name="OrderHistoryTest" time="1.532"/>
</testsuite> <!-- Submit Order Test -->
