-------------------------------------------------------------------------------
Test set: TestSuite
-------------------------------------------------------------------------------
Tests run: 8, Failures: 1, Errors: 0, Skipped: 2, Time elapsed: 42.036 s <<< FAILURE! - in TestSuite
LoginErrorValidation(FirstAutomation.Tests.ErrorValidationTest)  Time elapsed: 3.016 s  <<< FAILURE!
java.lang.AssertionError: expected [Incorrect email or password.] but found [Incorrect email@ or password.]
	at FirstAutomation.Tests.ErrorValidationTest.LoginErrorValidation(ErrorValidationTest.java:25)

